<?xml version="1.0" encoding="UTF-8"?>
<!-- Generated by org.testng.reporters.JUnitXMLReporter -->
<testsuite ignored="0" hostname="DESKTOP-MD9R69H" failures="0" tests="2" name="Default test" time="19.609" errors="0" timestamp="2023-04-11T16:15:44 CEST">
  <testcase classname="SeleniumFramework.tests.ErrorValidations" name="LoginErrorValidation" time="0.66"/>
  <testcase classname="SeleniumFramework.tests.ErrorValidations" name="ProductErrorValifation" time="2.712"/>
</testsuite> <!-- Default test -->
