<?xml version="1.0" encoding="UTF-8"?>
<!-- Generated by org.testng.reporters.JUnitXMLReporter -->
<testsuite ignored="1" hostname="DESKTOP-MD9R69H" failures="1" tests="1" name="Error Validations Test" time="0.153" errors="0" timestamp="2023-04-11T18:18:05 CEST">
  <testcase classname="SeleniumFramework.tests.ErrorValidationsTest" name="LoginErrorValidation" time="0.031">
    <failure type="java.lang.NullPointerException" message="Cannot invoke &amp;quot;SeleniumFramework.pageobjects.LandingPage.loginApplication(String, String)&amp;quot; because &amp;quot;this.landingPage&amp;quot; is null">
      <![CDATA[java.lang.NullPointerException: Cannot invoke "SeleniumFramework.pageobjects.LandingPage.loginApplication(String, String)" because "this.landingPage" is null
at SeleniumFramework.tests.ErrorValidationsTest.LoginErrorValidation(ErrorValidationsTest.java:21)
at java.base/java.util.ArrayList.forEach(ArrayList.java:1511)
at java.base/java.util.concurrent.FutureTask.run(FutureTask.java:264)
at java.base/java.util.concurrent.ThreadPoolExecutor.runWorker(ThreadPoolExecutor.java:1136)
at java.base/java.util.concurrent.ThreadPoolExecutor$Worker.run(ThreadPoolExecutor.java:635)
at java.base/java.lang.Thread.run(Thread.java:833)
... Removed 17 stack frames]]>
    </failure>
  </testcase> <!-- LoginErrorValidation -->
  <testcase classname="SeleniumFramework.tests.ErrorValidationsTest" name="ProductErrorValifation" time="0.0">
    <ignored/>
  </testcase> <!-- ProductErrorValifation -->
</testsuite> <!-- Error Validations Test -->
