<?xml version="1.0" encoding="UTF-8"?>
<!-- Generated by org.testng.reporters.JUnitXMLReporter -->
<testsuite ignored="1" hostname="DESKTOP-MD9R69H" failures="0" tests="1" name="Error Validations Test" time="7.261" errors="0" timestamp="2023-04-21T16:44:08 CEST">
  <testcase classname="SeleniumFramework.tests.ErrorValidationsTest" name="LoginErrorValidation" time="1.122"/>
  <testcase classname="SeleniumFramework.tests.ErrorValidationsTest" name="ProductErrorValifation" time="0.0">
    <ignored/>
  </testcase> <!-- ProductErrorValifation -->
</testsuite> <!-- Error Validations Test -->
