<?xml version="1.0" encoding="UTF-8"?>
<!-- Generated by org.testng.reporters.JUnitXMLReporter -->
<testsuite ignored="0" hostname="DESKTOP-MD9R69H" failures="0" tests="2" name="Error Validations Test" time="38.428" errors="0" timestamp="2023-04-21T14:03:45 CEST">
  <testcase classname="SeleniumFramework.tests.ErrorValidationsTest" name="LoginErrorValidation" time="1.18"/>
  <testcase classname="SeleniumFramework.tests.ErrorValidationsTest" name="ProductErrorValifation" time="24.29"/>
</testsuite> <!-- Error Validations Test -->
