<?xml version="1.0" encoding="UTF-8"?>
<!-- Generated by org.testng.reporters.JUnitXMLReporter -->
<testsuite ignored="0" hostname="DESKTOP-MD9R69H" failures="0" tests="3" name="Submit Order Test" time="26.512" errors="0" timestamp="2023-04-21T14:03:34 CEST">
  <testcase classname="SeleniumFramework.tests.SubmitOrderTest" name="SubmitOrder" time="4.368"/>
  <testcase classname="SeleniumFramework.tests.SubmitOrderTest" name="SubmitOrder" time="3.874"/>
  <testcase classname="SeleniumFramework.tests.SubmitOrderTest" name="OrderHistoryTest" time="0.92"/>
</testsuite> <!-- Submit Order Test -->
