<?xml version="1.0" encoding="UTF-8"?>
<testng-results ignored="3" total="4" passed="1" failed="0" skipped="0">
  <reporter-output>
  </reporter-output>
  <suite started-at="2023-04-21T16:44:01 CEST" name="Suite" finished-at="2023-04-21T16:44:08 CEST" duration-ms="7261">
    <groups>
      <group name="ErrorHandling">
        <method signature="ErrorValidationsTest.LoginErrorValidation()[pri:0, instance:SeleniumFramework.tests.ErrorValidationsTest@2a65fe7c]" name="LoginErrorValidation" class="SeleniumFramework.tests.ErrorValidationsTest"/>
      </group> <!-- ErrorHandling -->
    </groups>
    <test started-at="2023-04-21T16:44:01 CEST" name="Submit Order Test" finished-at="2023-04-21T16:44:01 CEST" duration-ms="15">
    </test> <!-- Submit Order Test -->
    <test started-at="2023-04-21T16:44:01 CEST" name="Error Validations Test" finished-at="2023-04-21T16:44:08 CEST" duration-ms="7261">
      <class name="SeleniumFramework.tests.ErrorValidationsTest">
        <test-method is-config="true" signature="launchApplication()[pri:0, instance:SeleniumFramework.tests.ErrorValidationsTest@2a65fe7c]" started-at="2023-04-21T16:44:01 CEST" name="launchApplication" finished-at="2023-04-21T16:44:07 CEST" duration-ms="5908" status="PASS">
          <reporter-output>
          </reporter-output>
        </test-method> <!-- launchApplication -->
        <test-method signature="LoginErrorValidation()[pri:0, instance:SeleniumFramework.tests.ErrorValidationsTest@2a65fe7c]" started-at="2023-04-21T16:44:07 CEST" name="LoginErrorValidation" finished-at="2023-04-21T16:44:08 CEST" duration-ms="1122" status="PASS">
          <reporter-output>
          </reporter-output>
        </test-method> <!-- LoginErrorValidation -->
        <test-method is-config="true" signature="tearDown()[pri:0, instance:SeleniumFramework.tests.ErrorValidationsTest@2a65fe7c]" started-at="2023-04-21T16:44:08 CEST" name="tearDown" finished-at="2023-04-21T16:44:08 CEST" duration-ms="154" status="PASS">
          <reporter-output>
          </reporter-output>
        </test-method> <!-- tearDown -->
      </class> <!-- SeleniumFramework.tests.ErrorValidationsTest -->
    </test> <!-- Error Validations Test -->
  </suite> <!-- Suite -->
</testng-results>
