<?xml version="1.0" encoding="UTF-8"?>
<testng-results ignored="1" total="3" passed="2" failed="0" skipped="0">
  <reporter-output>
  </reporter-output>
  <suite started-at="2023-04-12T13:20:13 CEST" name="Suite" finished-at="2023-04-12T13:21:06 CEST" duration-ms="52994">
    <groups>
      <group name="Purchase">
        <method signature="SubmitOrderTest.SubmitOrder(java.lang.String,java.lang.String,java.lang.String)[pri:0, instance:SeleniumFramework.tests.SubmitOrderTest@38cee291]" name="SubmitOrder" class="SeleniumFramework.tests.SubmitOrderTest"/>
      </group> <!-- Purchase -->
    </groups>
    <test started-at="2023-04-12T13:20:13 CEST" name="Submit Order Test" finished-at="2023-04-12T13:21:06 CEST" duration-ms="52994">
      <class name="SeleniumFramework.tests.SubmitOrderTest">
        <test-method is-config="true" signature="launchApplication()[pri:0, instance:SeleniumFramework.tests.SubmitOrderTest@38cee291]" started-at="2023-04-12T13:20:13 CEST" name="launchApplication" finished-at="2023-04-12T13:20:25 CEST" duration-ms="12270" status="PASS">
          <reporter-output>
          </reporter-output>
        </test-method> <!-- launchApplication -->
        <test-method signature="SubmitOrder(java.lang.String,java.lang.String,java.lang.String)[pri:0, instance:SeleniumFramework.tests.SubmitOrderTest@38cee291]" started-at="2023-04-12T13:20:25 CEST" name="SubmitOrder" data-provider="getData" finished-at="2023-04-12T13:20:49 CEST" duration-ms="23782" status="PASS">
          <params>
            <param index="0">
              <value>
                <![CDATA[savelyeva1.20@gmail.com]]>
              </value>
            </param>
            <param index="1">
              <value>
                <![CDATA[Abc_12345]]>
              </value>
            </param>
            <param index="2">
              <value>
                <![CDATA[ZARA COAT 3]]>
              </value>
            </param>
          </params>
          <reporter-output>
          </reporter-output>
        </test-method> <!-- SubmitOrder -->
        <test-method is-config="true" signature="tearDown()[pri:0, instance:SeleniumFramework.tests.SubmitOrderTest@38cee291]" started-at="2023-04-12T13:20:49 CEST" name="tearDown" finished-at="2023-04-12T13:20:49 CEST" duration-ms="133" status="PASS">
          <reporter-output>
          </reporter-output>
        </test-method> <!-- tearDown -->
        <test-method is-config="true" signature="launchApplication()[pri:0, instance:SeleniumFramework.tests.SubmitOrderTest@38cee291]" started-at="2023-04-12T13:20:49 CEST" name="launchApplication" finished-at="2023-04-12T13:20:59 CEST" duration-ms="10158" status="PASS">
          <reporter-output>
          </reporter-output>
        </test-method> <!-- launchApplication -->
        <test-method signature="SubmitOrder(java.lang.String,java.lang.String,java.lang.String)[pri:0, instance:SeleniumFramework.tests.SubmitOrderTest@38cee291]" started-at="2023-04-12T13:20:59 CEST" name="SubmitOrder" data-provider="getData" finished-at="2023-04-12T13:21:06 CEST" duration-ms="6269" status="PASS">
          <params>
            <param index="0">
              <value>
                <![CDATA[savelyeva1.20@gmail.com]]>
              </value>
            </param>
            <param index="1">
              <value>
                <![CDATA[Abc_12345]]>
              </value>
            </param>
            <param index="2">
              <value>
                <![CDATA[ADIDAS ORIGINAL]]>
              </value>
            </param>
          </params>
          <reporter-output>
          </reporter-output>
        </test-method> <!-- SubmitOrder -->
        <test-method is-config="true" signature="tearDown()[pri:0, instance:SeleniumFramework.tests.SubmitOrderTest@38cee291]" started-at="2023-04-12T13:21:06 CEST" name="tearDown" finished-at="2023-04-12T13:21:06 CEST" duration-ms="281" status="PASS">
          <reporter-output>
          </reporter-output>
        </test-method> <!-- tearDown -->
      </class> <!-- SeleniumFramework.tests.SubmitOrderTest -->
    </test> <!-- Submit Order Test -->
  </suite> <!-- Suite -->
</testng-results>
